2021-02-03 16:40:56 - PHP Warning:  mkdir(): File exists in C:\xampp\htdocs\opencart-3.0.3.7\system\storage\vendor\twig\twig\src\Cache\FilesystemCache.php on line 54
2021-02-03 16:40:57 - PHP Warning:  mkdir(): File exists in C:\xampp\htdocs\opencart-3.0.3.7\system\storage\vendor\twig\twig\src\Cache\FilesystemCache.php on line 54
2021-02-03 16:40:57 - PHP Warning:  rename(C:\xampp\htdocs\opencart-3.0.3.7\system\storage\cache\template\8e\8ed56BE.tmp,C:/xampp/htdocs/opencart-3.0.3.7/system/storage/cache/template/8e/8edb4e13672148a4bfb8122120a41208f54697d1edf35b52dbf811fe4899533b.php): Access is denied (code: 5) in C:\xampp\htdocs\opencart-3.0.3.7\system\storage\vendor\twig\twig\src\Cache\FilesystemCache.php on line 65
2021-02-04 11:06:50 - PHP Warning:  mail(): Failed to connect to mailserver at &quot;localhost&quot; port 25, verify your &quot;SMTP&quot; and &quot;smtp_port&quot; setting in php.ini or use ini_set() in C:\xampp\htdocs\opencart-3.0.3.7\system\library\mail\mail.php on line 77
2021-02-04 11:07:16 - PHP Warning:  mail(): Failed to connect to mailserver at &quot;localhost&quot; port 25, verify your &quot;SMTP&quot; and &quot;smtp_port&quot; setting in php.ini or use ini_set() in C:\xampp\htdocs\opencart-3.0.3.7\system\library\mail\mail.php on line 77
2021-02-04 11:07:18 - PHP Warning:  mail(): Failed to connect to mailserver at &quot;localhost&quot; port 25, verify your &quot;SMTP&quot; and &quot;smtp_port&quot; setting in php.ini or use ini_set() in C:\xampp\htdocs\opencart-3.0.3.7\system\library\mail\mail.php on line 77
2021-07-03 12:50:11 - PHP Warning:  mysqli::query(): (HY000/1036): Table 'C:\xamp_latest\tmp\#sql2904_16d_c.MAI' is read only in C:\xamp_latest\htdocs\Fashionist\system\library\db\mysqli.php on line 19
2021-07-03 13:04:14 - PHP Warning:  mysqli::query(): (HY000/1036): Table 'C:\xamp_latest\tmp\#sql2904_178_13.MAI' is read only in C:\xamp_latest\htdocs\Fashionist\system\library\db\mysqli.php on line 19
2021-07-03 13:05:32 - PHP Warning:  mysqli::query(): (HY000/1036): Table 'C:\xamp_latest\tmp\#sql2904_17a_8.MAI' is read only in C:\xamp_latest\htdocs\Fashionist\system\library\db\mysqli.php on line 19
2021-07-08 4:14:08 - PHP Warning:  mysqli::query(): (HY000/1036): Table 'C:\xamp_latest\tmp\#sql20a0_f_c.MAI' is read only in C:\xamp_latest\htdocs\Fashionist\system\library\db\mysqli.php on line 19
2021-07-08 4:59:33 - PHP Warning:  mysqli::query(): (HY000/1036): Table 'C:\xamp_latest\tmp\#sql20a0_31_2.MAI' is read only in C:\xamp_latest\htdocs\Fashionist\system\library\db\mysqli.php on line 19
2021-07-08 5:17:05 - PHP Warning:  mysqli::query(): (HY000/1036): Table 'C:\xamp_latest\tmp\#sql20a0_4a_9.MAI' is read only in C:\xamp_latest\htdocs\Fashionist\system\library\db\mysqli.php on line 19
2021-07-08 5:30:40 - PHP Warning:  mysqli::query(): (HY000/1036): Table 'C:\xamp_latest\tmp\#sql20a0_5d_3.MAI' is read only in C:\xamp_latest\htdocs\Fashionist\system\library\db\mysqli.php on line 19
2021-07-08 5:34:34 - PHP Warning:  mysqli::query(): (HY000/1036): Table 'C:\xamp_latest\tmp\#sql20a0_70_10.MAI' is read only in C:\xamp_latest\htdocs\Fashionist\system\library\db\mysqli.php on line 19
2021-07-08 5:52:31 - PHP Warning:  mysqli::query(): (HY000/6): Error on delete of 'C:\xamp_latest\tmp\#sql20a0_74_a.MAD' (Errcode: 13 &quot;Permission denied&quot;) in C:\xamp_latest\htdocs\Fashionist\system\library\db\mysqli.php on line 19
2021-07-08 5:58:09 - PHP Warning:  mysqli::query(): (HY000/1036): Table 'C:\xamp_latest\tmp\#sql20a0_79_a.MAI' is read only in C:\xamp_latest\htdocs\Fashionist\system\library\db\mysqli.php on line 19
2021-07-08 6:25:26 - PHP Notice:  Undefined index: titlecolor in C:\xamp_latest\htdocs\Fashionist\admin\controller\extension\module\ishislider.php on line 134
2021-07-08 6:25:26 - PHP Notice:  Undefined index: subtitle in C:\xamp_latest\htdocs\Fashionist\admin\controller\extension\module\ishislider.php on line 135
2021-07-08 6:25:26 - PHP Notice:  Undefined index: subtitlecolor in C:\xamp_latest\htdocs\Fashionist\admin\controller\extension\module\ishislider.php on line 136
2021-07-08 6:25:26 - PHP Notice:  Undefined index: description in C:\xamp_latest\htdocs\Fashionist\admin\controller\extension\module\ishislider.php on line 137
2021-07-08 6:25:26 - PHP Notice:  Undefined index: descriptioncolor in C:\xamp_latest\htdocs\Fashionist\admin\controller\extension\module\ishislider.php on line 138
2021-07-08 6:25:26 - PHP Notice:  Undefined index: btntext in C:\xamp_latest\htdocs\Fashionist\admin\controller\extension\module\ishislider.php on line 139
2021-07-08 6:25:26 - PHP Notice:  Undefined index: textalignment in C:\xamp_latest\htdocs\Fashionist\admin\controller\extension\module\ishislider.php on line 140
2021-07-08 6:25:26 - PHP Notice:  Undefined index: textposition in C:\xamp_latest\htdocs\Fashionist\admin\controller\extension\module\ishislider.php on line 141
2021-07-08 6:25:26 - PHP Notice:  Undefined index: titlecolor in C:\xamp_latest\htdocs\Fashionist\admin\controller\extension\module\ishislider.php on line 134
2021-07-08 6:25:26 - PHP Notice:  Undefined index: subtitle in C:\xamp_latest\htdocs\Fashionist\admin\controller\extension\module\ishislider.php on line 135
2021-07-08 6:25:26 - PHP Notice:  Undefined index: subtitlecolor in C:\xamp_latest\htdocs\Fashionist\admin\controller\extension\module\ishislider.php on line 136
2021-07-08 6:25:26 - PHP Notice:  Undefined index: description in C:\xamp_latest\htdocs\Fashionist\admin\controller\extension\module\ishislider.php on line 137
2021-07-08 6:25:26 - PHP Notice:  Undefined index: descriptioncolor in C:\xamp_latest\htdocs\Fashionist\admin\controller\extension\module\ishislider.php on line 138
2021-07-08 6:25:26 - PHP Notice:  Undefined index: btntext in C:\xamp_latest\htdocs\Fashionist\admin\controller\extension\module\ishislider.php on line 139
2021-07-08 6:25:26 - PHP Notice:  Undefined index: textalignment in C:\xamp_latest\htdocs\Fashionist\admin\controller\extension\module\ishislider.php on line 140
2021-07-08 6:25:26 - PHP Notice:  Undefined index: textposition in C:\xamp_latest\htdocs\Fashionist\admin\controller\extension\module\ishislider.php on line 141
2021-07-08 6:25:26 - PHP Notice:  Undefined index: titlecolor in C:\xamp_latest\htdocs\Fashionist\admin\controller\extension\module\ishislider.php on line 134
2021-07-08 6:25:26 - PHP Notice:  Undefined index: subtitle in C:\xamp_latest\htdocs\Fashionist\admin\controller\extension\module\ishislider.php on line 135
2021-07-08 6:25:26 - PHP Notice:  Undefined index: subtitlecolor in C:\xamp_latest\htdocs\Fashionist\admin\controller\extension\module\ishislider.php on line 136
2021-07-08 6:25:26 - PHP Notice:  Undefined index: description in C:\xamp_latest\htdocs\Fashionist\admin\controller\extension\module\ishislider.php on line 137
2021-07-08 6:25:26 - PHP Notice:  Undefined index: descriptioncolor in C:\xamp_latest\htdocs\Fashionist\admin\controller\extension\module\ishislider.php on line 138
2021-07-08 6:25:26 - PHP Notice:  Undefined index: btntext in C:\xamp_latest\htdocs\Fashionist\admin\controller\extension\module\ishislider.php on line 139
2021-07-08 6:25:26 - PHP Notice:  Undefined index: textalignment in C:\xamp_latest\htdocs\Fashionist\admin\controller\extension\module\ishislider.php on line 140
2021-07-08 6:25:26 - PHP Notice:  Undefined index: textposition in C:\xamp_latest\htdocs\Fashionist\admin\controller\extension\module\ishislider.php on line 141
2021-07-08 6:25:26 - PHP Notice:  Undefined index: titlecolor in C:\xamp_latest\htdocs\Fashionist\admin\controller\extension\module\ishislider.php on line 134
2021-07-08 6:25:26 - PHP Notice:  Undefined index: subtitle in C:\xamp_latest\htdocs\Fashionist\admin\controller\extension\module\ishislider.php on line 135
2021-07-08 6:25:26 - PHP Notice:  Undefined index: subtitlecolor in C:\xamp_latest\htdocs\Fashionist\admin\controller\extension\module\ishislider.php on line 136
2021-07-08 6:25:26 - PHP Notice:  Undefined index: description in C:\xamp_latest\htdocs\Fashionist\admin\controller\extension\module\ishislider.php on line 137
2021-07-08 6:25:26 - PHP Notice:  Undefined index: descriptioncolor in C:\xamp_latest\htdocs\Fashionist\admin\controller\extension\module\ishislider.php on line 138
2021-07-08 6:25:26 - PHP Notice:  Undefined index: btntext in C:\xamp_latest\htdocs\Fashionist\admin\controller\extension\module\ishislider.php on line 139
2021-07-08 6:25:26 - PHP Notice:  Undefined index: textalignment in C:\xamp_latest\htdocs\Fashionist\admin\controller\extension\module\ishislider.php on line 140
2021-07-08 6:25:26 - PHP Notice:  Undefined index: textposition in C:\xamp_latest\htdocs\Fashionist\admin\controller\extension\module\ishislider.php on line 141
2021-07-08 6:37:26 - PHP Warning:  mysqli::query(): (HY000/1036): Table 'C:\xamp_latest\tmp\#sql20a0_9e_8.MAI' is read only in C:\xamp_latest\htdocs\Fashionist\system\library\db\mysqli.php on line 19
2021-07-08 7:32:26 - PHP Warning:  mysqli::query(): (HY000/1036): Table 'C:\xamp_latest\tmp\#sql20a0_df_9.MAI' is read only in C:\xamp_latest\htdocs\Fashionist\system\library\db\mysqli.php on line 19
2021-07-08 7:43:07 - PHP Warning:  mysqli::query(): (HY000/1036): Table 'C:\xamp_latest\tmp\#sql20a0_e7_b.MAI' is read only in C:\xamp_latest\htdocs\Fashionist\system\library\db\mysqli.php on line 19
2021-07-15 4:45:01 - PHP Notice:  Undefined index: subtitle in /var/www/html/user7/OPC010/admin/controller/extension/module/ishibannerblock.php on line 189
2021-07-15 4:45:01 - PHP Warning:  Invalid argument supplied for foreach() in /var/www/html/user7/OPC010/admin/controller/extension/module/ishibannerblock.php on line 189
2021-07-15 4:45:01 - PHP Notice:  Undefined index: subtitle in /var/www/html/user7/OPC010/admin/controller/extension/module/ishibannerblock.php on line 189
2021-07-15 4:45:01 - PHP Warning:  Invalid argument supplied for foreach() in /var/www/html/user7/OPC010/admin/controller/extension/module/ishibannerblock.php on line 189
2021-07-15 4:45:01 - PHP Notice:  Undefined index: subtitle in /var/www/html/user7/OPC010/admin/controller/extension/module/ishibannerblock.php on line 189
2021-07-15 4:45:01 - PHP Warning:  Invalid argument supplied for foreach() in /var/www/html/user7/OPC010/admin/controller/extension/module/ishibannerblock.php on line 189
2021-07-15 4:46:03 - PHP Notice:  Undefined index: subtitle in /var/www/html/user7/OPC010/catalog/controller/extension/module/ishibannerblock.php on line 35
2021-07-15 4:46:03 - PHP Notice:  Undefined index: subtitle in /var/www/html/user7/OPC010/catalog/controller/extension/module/ishibannerblock.php on line 35
2021-07-15 4:46:03 - PHP Notice:  Undefined index: subtitle in /var/www/html/user7/OPC010/catalog/controller/extension/module/ishibannerblock.php on line 35
2021-07-15 4:46:05 - PHP Notice:  Undefined index: subtitle in /var/www/html/user7/OPC010/catalog/controller/extension/module/ishibannerblock.php on line 35
2021-07-15 4:46:05 - PHP Notice:  Undefined index: subtitle in /var/www/html/user7/OPC010/catalog/controller/extension/module/ishibannerblock.php on line 35
2021-07-15 4:46:05 - PHP Notice:  Undefined index: subtitle in /var/www/html/user7/OPC010/catalog/controller/extension/module/ishibannerblock.php on line 35
2021-07-15 4:49:22 - PHP Notice:  Undefined variable: subtitle in /var/www/html/user7/OPC010/admin/controller/extension/module/ishibannerblock.php on line 208
2021-07-15 4:49:22 - PHP Notice:  Undefined variable: subtitle in /var/www/html/user7/OPC010/admin/controller/extension/module/ishibannerblock.php on line 208
2021-07-15 4:49:22 - PHP Notice:  Undefined variable: subtitle in /var/www/html/user7/OPC010/admin/controller/extension/module/ishibannerblock.php on line 208
2021-07-15 4:50:50 - PHP Notice:  Undefined variable: subtitle in /var/www/html/user7/OPC010/admin/controller/extension/module/ishibannerblock.php on line 210
2021-07-15 4:50:50 - PHP Notice:  Undefined variable: subtitle in /var/www/html/user7/OPC010/admin/controller/extension/module/ishibannerblock.php on line 210
2021-07-15 4:50:50 - PHP Notice:  Undefined variable: subtitle in /var/www/html/user7/OPC010/admin/controller/extension/module/ishibannerblock.php on line 210
2021-07-15 8:00:51 - PHP Notice:  Undefined index: subtitle in /var/www/html/user7/OPC010/catalog/controller/extension/module/ishibannerblock.php on line 34
2021-07-15 9:47:29 - PHP Notice:  Undefined index: subtitle in /var/www/html/user7/OPC010/catalog/controller/extension/module/ishibannerblock.php on line 34
2021-07-15 9:47:46 - PHP Notice:  Undefined index: subtitle in /var/www/html/user7/OPC010/admin/controller/extension/module/ishibannerblock.php on line 181
2021-07-15 9:47:46 - PHP Warning:  Invalid argument supplied for foreach() in /var/www/html/user7/OPC010/admin/controller/extension/module/ishibannerblock.php on line 181
2021-07-15 9:47:46 - PHP Notice:  Undefined variable: subtitle in /var/www/html/user7/OPC010/admin/controller/extension/module/ishibannerblock.php on line 200
2021-07-15 10:10:27 - PHP Notice:  Undefined index: subtitlebgcolor in /var/www/html/user7/OPC010/catalog/controller/extension/module/ishislider.php on line 32
2021-07-15 10:10:27 - PHP Notice:  Undefined index: subtitlebgcolor in /var/www/html/user7/OPC010/catalog/controller/extension/module/ishislider.php on line 32
2021-07-15 10:10:41 - PHP Notice:  Undefined index: subtitlebgcolor in /var/www/html/user7/OPC010/admin/controller/extension/module/ishislider.php on line 137
2021-07-15 10:10:41 - PHP Notice:  Undefined index: subtitlebgcolor in /var/www/html/user7/OPC010/admin/controller/extension/module/ishislider.php on line 137
2021-07-15 10:10:41 - PHP Notice:  Undefined index: subtitlebgcolor in /var/www/html/user7/OPC010/admin/controller/extension/module/ishislider.php on line 137
2021-07-15 10:10:41 - PHP Notice:  Undefined index: subtitlebgcolor in /var/www/html/user7/OPC010/admin/controller/extension/module/ishislider.php on line 137
2021-07-15 10:20:58 - PHP Notice:  Undefined index: titlebgcolor in /var/www/html/user7/OPC010/catalog/controller/extension/module/ishislider.php on line 30
2021-07-15 10:20:58 - PHP Notice:  Undefined index: titlebgcolor in /var/www/html/user7/OPC010/catalog/controller/extension/module/ishislider.php on line 30
2021-07-15 10:21:34 - PHP Notice:  Undefined index: titlebgcolor in /var/www/html/user7/OPC010/admin/controller/extension/module/ishislider.php on line 135
2021-07-15 10:21:34 - PHP Notice:  Undefined index: titlebgcolor in /var/www/html/user7/OPC010/admin/controller/extension/module/ishislider.php on line 135
2021-07-15 10:21:34 - PHP Notice:  Undefined index: titlebgcolor in /var/www/html/user7/OPC010/admin/controller/extension/module/ishislider.php on line 135
2021-07-15 10:21:34 - PHP Notice:  Undefined index: titlebgcolor in /var/www/html/user7/OPC010/admin/controller/extension/module/ishislider.php on line 135
