[Fri Dec 03 13:05:54 2021] {"OrderId":"20","Amount":877500,"DATA":{"Email":"empty1638525954@localhost.net","Connection_type":"opencart v3"}}
[Fri Dec 03 13:05:54 2021] {"Success":true,"ErrorCode":"0","TerminalKey":"1638353371438DEMO","Status":"NEW","PaymentId":"889495575","OrderId":"20","Amount":877500,"PaymentURL":"https://securepay.tinkoff.ru/new/HgcQnB2j"}
[Fri Dec 03 13:06:52 2021] {"OrderId":"21","Amount":875000,"DATA":{"Email":"aaa@mail.ru","Connection_type":"opencart v3"}}
[Fri Dec 03 13:06:52 2021] {"Success":true,"ErrorCode":"0","TerminalKey":"1638353371438DEMO","Status":"NEW","PaymentId":"889497877","OrderId":"21","Amount":875000,"PaymentURL":"https://securepay.tinkoff.ru/new/dyM2gv2s"}
[Fri Dec 03 13:10:55 2021] {"OrderId":"22","Amount":875000,"DATA":{"Email":"aaa@mail.ru","Connection_type":"opencart v3"}}
[Fri Dec 03 13:10:55 2021] {"Success":true,"ErrorCode":"0","TerminalKey":"1638353371438DEMO","Status":"NEW","PaymentId":"889506843","OrderId":"22","Amount":875000,"PaymentURL":"https://securepay.tinkoff.ru/new/aDL3bmz8"}
[Fri Dec 03 13:13:13 2021] {"OrderId":"23","Amount":877500,"DATA":{"Email":"empty1638526393@localhost.net","Connection_type":"opencart v3"}}
[Fri Dec 03 13:13:13 2021] {"Success":true,"ErrorCode":"0","TerminalKey":"1638353371438DEMO","Status":"NEW","PaymentId":"889511854","OrderId":"23","Amount":877500,"PaymentURL":"https://securepay.tinkoff.ru/new/4CQoqZeX"}
[Fri Dec 03 13:14:07 2021] {"OrderId":"23","Amount":890000,"DATA":{"Email":"empty1638526447@localhost.net","Connection_type":"opencart v3"}}
[Fri Dec 03 13:14:07 2021] {"Success":true,"ErrorCode":"0","TerminalKey":"1638353371438DEMO","Status":"NEW","PaymentId":"889513914","OrderId":"23","Amount":890000,"PaymentURL":"https://securepay.tinkoff.ru/new/TfHwZ0Ie"}
[Fri Dec 03 13:14:24 2021] {"OrderId":"23","Amount":877500,"DATA":{"Email":"empty1638526463@localhost.net","Connection_type":"opencart v3"}}
[Fri Dec 03 13:14:24 2021] {"Success":true,"ErrorCode":"0","TerminalKey":"1638353371438DEMO","Status":"NEW","PaymentId":"889514531","OrderId":"23","Amount":877500,"PaymentURL":"https://securepay.tinkoff.ru/new/inn5H1IF"}
[Fri Dec 03 13:15:29 2021] {"OrderId":"23","Amount":877500,"DATA":{"Email":"empty1638526529@localhost.net","Connection_type":"opencart v3"}}
[Fri Dec 03 13:15:29 2021] {"Success":true,"ErrorCode":"0","TerminalKey":"1638353371438DEMO","Status":"NEW","PaymentId":"889516902","OrderId":"23","Amount":877500,"PaymentURL":"https://securepay.tinkoff.ru/new/PkMoyubD"}
[Fri Dec 03 13:33:12 2021] {"OrderId":"24","Amount":925000,"DATA":{"Email":"mar.eka07@yandex.ru","Connection_type":"opencart v3"}}
[Fri Dec 03 13:33:12 2021] {"Success":true,"ErrorCode":"0","TerminalKey":"1638353371438DEMO","Status":"NEW","PaymentId":"889555604","OrderId":"24","Amount":925000,"PaymentURL":"https://securepay.tinkoff.ru/new/9tfi6jkT"}
[Fri Dec 03 13:33:22 2021] {"OrderId":"24","Amount":910000,"DATA":{"Email":"mar.eka07@yandex.ru","Connection_type":"opencart v3"}}
[Fri Dec 03 13:33:22 2021] {"Success":true,"ErrorCode":"0","TerminalKey":"1638353371438DEMO","Status":"NEW","PaymentId":"889555971","OrderId":"24","Amount":910000,"PaymentURL":"https://securepay.tinkoff.ru/new/D27uRUd2"}
[Fri Dec 03 13:34:08 2021] {"OrderId":"25","Amount":910000,"DATA":{"Email":"mar.eka07@yandex.ru","Connection_type":"opencart v3"}}
[Fri Dec 03 13:34:08 2021] {"Success":true,"ErrorCode":"0","TerminalKey":"1638353371438DEMO","Status":"NEW","PaymentId":"889557657","OrderId":"25","Amount":910000,"PaymentURL":"https://securepay.tinkoff.ru/new/nKkc3FxU"}
[Fri Dec 03 13:34:43 2021] {"OrderId":"26","Amount":910000,"DATA":{"Email":"mar.eka07@yandex.ru","Connection_type":"opencart v3"}}
[Fri Dec 03 13:34:43 2021] {"Success":true,"ErrorCode":"0","TerminalKey":"1638353371438DEMO","Status":"NEW","PaymentId":"889558988","OrderId":"26","Amount":910000,"PaymentURL":"https://securepay.tinkoff.ru/new/LDlMQ5r6"}
[Fri Dec 03 13:35:54 2021] {"OrderId":"27","Amount":910000,"DATA":{"Email":"mar.eka07@yandex.ru","Connection_type":"opencart v3"}}
[Fri Dec 03 13:35:54 2021] {"Success":true,"ErrorCode":"0","TerminalKey":"1638353371438DEMO","Status":"NEW","PaymentId":"889561539","OrderId":"27","Amount":910000,"PaymentURL":"https://securepay.tinkoff.ru/new/igSJAoYd"}
[Fri Dec 03 13:47:17 2021] {"OrderId":"28","Amount":910000,"DATA":{"Email":"mar.eka07@yandex.ru","Connection_type":"opencart v3"}}
[Fri Dec 03 13:47:17 2021] {"Success":true,"ErrorCode":"0","TerminalKey":"1638353371438DEMO","Status":"NEW","PaymentId":"889587421","OrderId":"28","Amount":910000,"PaymentURL":"https://securepay.tinkoff.ru/new/eyHbvo1p"}
[Fri Dec 03 13:58:36 2021] {"OrderId":"29","Amount":910000,"DATA":{"Email":"mar.eka07@yandex.ru","Connection_type":"opencart v3"}}
[Fri Dec 03 13:58:36 2021] {"Success":true,"ErrorCode":"0","TerminalKey":"1638353371438","Status":"NEW","PaymentId":"889613357","OrderId":"29","Amount":910000,"PaymentURL":"https://securepay.tinkoff.ru/new/nmCLCfT9"}
[Fri Dec 03 13:59:14 2021] {"OrderId":"30","Amount":937600,"DATA":{"Email":"mar.eka07@yandex.ru","Connection_type":"opencart v3"}}
[Fri Dec 03 13:59:14 2021] {"Success":true,"ErrorCode":"0","TerminalKey":"1638353371438","Status":"NEW","PaymentId":"889614791","OrderId":"30","Amount":937600,"PaymentURL":"https://securepay.tinkoff.ru/new/NoN8RTPU"}
[Fri Dec 03 13:59:24 2021] {"OrderId":"30","Amount":42600,"DATA":{"Email":"mar.eka07@yandex.ru","Connection_type":"opencart v3"}}
[Fri Dec 03 13:59:24 2021] {"Success":true,"ErrorCode":"0","TerminalKey":"1638353371438","Status":"NEW","PaymentId":"889615160","OrderId":"30","Amount":42600,"PaymentURL":"https://securepay.tinkoff.ru/new/KGZFNgd8"}
[Fri Dec 03 13:59:36 2021] {"OrderId":"30","Amount":35100,"DATA":{"Email":"mar.eka07@yandex.ru","Connection_type":"opencart v3"}}
[Fri Dec 03 13:59:36 2021] {"Success":true,"ErrorCode":"0","TerminalKey":"1638353371438","Status":"NEW","PaymentId":"889615616","OrderId":"30","Amount":35100,"PaymentURL":"https://securepay.tinkoff.ru/new/Ifr7Gj6d"}
[Fri Dec 03 14:04:25 2021] {"OrderId":"30","Amount":715000,"DATA":{"Email":"mar.eka07@yandex.ru","Connection_type":"opencart v3"}}
[Fri Dec 03 14:04:25 2021] {"Success":true,"ErrorCode":"0","TerminalKey":"1638353371438","Status":"NEW","PaymentId":"889626442","OrderId":"30","Amount":715000,"PaymentURL":"https://securepay.tinkoff.ru/new/YImbYZqR"}
